<?xml version="1.0" encoding="UTF-8"?>
<!-- Generated by org.testng.reporters.JUnitReportReporter -->
<testsuite hostname="Admin" failures="0" tests="1" name="testPackage.TestclassTNG" time="0.429" errors="0" timestamp="2023-08-12T13:35:37 IST" skipped="0">
  <testcase classname="testPackage.TestclassTNG" name="test" time="0.429"/>
</testsuite> <!-- testPackage.TestclassTNG -->
